\BOOKMARK [1][-]{section.1}{\376\377\000I\000n\000t\000r\000o\000d\000u\000c\000t\000i\000o\000n}{}% 1
\BOOKMARK [1][-]{section.2}{\376\377\000n\000o\000r\000m\000a\000l\000n\000o\000r\000m\000a\000l\000O\000b\000s\000e\000r\000v\000a\000t\000i\000o\000n\000s\000\040\000o\000f\000\040\000t\000h\000e\000\040\0002\000H\000I\000I\000\040\000r\000e\000g\000i\000o\000n\000\040\000s\000a\000m\000p\000l\000e}{}% 2
\BOOKMARK [2][-]{subsection.2.1}{\376\377\000S\000p\000e\000c\000t\000r\000o\000s\000c\000o\000p\000i\000c\000\040\000d\000a\000t\000a\000s\000e\000t\000s}{section.2}% 3
\BOOKMARK [2][-]{subsection.2.2}{\376\377\000P\000h\000y\000s\000i\000c\000a\000l\000\040\000p\000r\000o\000p\000e\000r\000t\000i\000e\000s\000\040\000o\000f\000\040\000t\000h\000e\000\040\000s\000a\000m\000p\000l\000e\000\040\000r\000e\000g\000i\000o\000n\000s}{section.2}% 4
\BOOKMARK [1][-]{section.3}{\376\377\000P\000l\000a\000n\000e\000-\000o\000f\000-\000s\000k\000y\000\040\000v\000e\000l\000o\000c\000i\000t\000y\000\040\000f\000l\000u\000c\000t\000u\000a\000t\000i\000o\000n\000s}{}% 5
\BOOKMARK [2][-]{subsection.3.1}{\376\377\000T\000h\000e\000\040\000s\000e\000c\000o\000n\000d\000-\000o\000r\000d\000e\000r\000\040\000s\000t\000r\000u\000c\000t\000u\000r\000e\000\040\000f\000u\000n\000c\000t\000i\000o\000n}{section.3}% 6
\BOOKMARK [2][-]{subsection.3.2}{\376\377\000A\000\040\000h\000e\000u\000r\000i\000s\000t\000i\000c\000\040\000m\000o\000d\000e\000l\000\040\000f\000o\000r\000\040\000t\000h\000e\000\040\000s\000t\000r\000u\000c\000t\000u\000r\000e\000\040\000f\000u\000n\000c\000t\000i\000o\000n}{section.3}% 7
\BOOKMARK [1][-]{section.4}{\376\377\000S\000t\000r\000u\000c\000t\000u\000r\000e\000\040\000f\000u\000n\000c\000t\000i\000o\000n\000\040\000f\000i\000t\000s}{}% 8
\BOOKMARK [2][-]{subsection.4.1}{\376\377\000T\000e\000c\000h\000n\000i\000c\000a\000l\000\040\000d\000e\000t\000a\000i\000l\000s\000\040\000o\000f\000\040\000s\000t\000r\000u\000c\000t\000u\000r\000e\000\040\000f\000u\000n\000c\000t\000i\000o\000n\000\040\000m\000e\000a\000s\000u\000r\000e\000m\000e\000n\000t\000\040\000a\000n\000d\000\040\000f\000i\000t\000t\000i\000n\000g}{section.4}% 9
\BOOKMARK [2][-]{subsection.4.2}{\376\377\000E\000x\000a\000m\000p\000l\000e\000\040\000r\000e\000s\000u\000l\000t\000s\000\040\000o\000f\000\040\000m\000o\000d\000e\000l\000\040\000f\000i\000t\000t\000i\000n\000g\000\040\000t\000o\000\040\000t\000h\000e\000\040\000i\000n\000n\000e\000r\000\040\000O\000r\000i\000o\000n\000\040\000N\000e\000b\000u\000l\000a}{section.4}% 10
\BOOKMARK [2][-]{subsection.4.3}{\376\377\000R\000e\000s\000u\000l\000t\000s\000\040\000o\000f\000\040\000m\000o\000d\000e\000l\000\040\000f\000i\000t\000t\000i\000n\000g\000\040\000t\000o\000\040\000o\000t\000h\000e\000r\000\040\000s\000o\000u\000r\000c\000e\000s}{section.4}% 11
\BOOKMARK [2][-]{subsection.4.4}{\376\377\000O\000n\000\040\000t\000h\000e\000\040\000r\000e\000a\000s\000o\000n\000a\000b\000l\000e\000n\000e\000s\000s\000\040\000o\000f\000\040\000t\000h\000e\000\040\000d\000e\000r\000i\000v\000e\000d\000\040\000s\000e\000e\000i\000n\000g\000\040\000w\000i\000d\000t\000h\000s\000\040\000a\000n\000d\000\040\000n\000o\000i\000s\000e}{section.4}% 12
\BOOKMARK [2][-]{subsection.4.5}{\376\377\000E\000v\000i\000d\000e\000n\000c\000e\000\040\000f\000o\000r\000\040\000i\000n\000h\000o\000m\000o\000g\000e\000n\000e\000i\000t\000y\000\040\000a\000t\000\040\000t\000h\000e\000\040\000l\000a\000r\000g\000e\000s\000t\000\040\000s\000c\000a\000l\000e\000s}{section.4}% 13
\BOOKMARK [1][-]{section.5}{\376\377\000D\000i\000s\000c\000u\000s\000s\000i\000o\000n}{}% 14
\BOOKMARK [2][-]{subsection.5.1}{\376\377\000C\000o\000m\000p\000a\000r\000i\000s\000o\000n\000\040\000w\000i\000t\000h\000\040\000p\000r\000e\000v\000i\000o\000u\000s\000\040\000s\000t\000r\000u\000c\000t\000u\000r\000e\000\040\000f\000u\000n\000c\000t\000i\000o\000n\000s}{section.5}% 15
\BOOKMARK [2][-]{subsection.5.2}{\376\377\000S\000c\000a\000l\000i\000n\000g\000\040\000r\000e\000l\000a\000t\000i\000o\000n\000s\000\040\000f\000o\000r\000\040\000t\000u\000r\000b\000u\000l\000e\000n\000c\000e\000\040\000p\000a\000r\000a\000m\000e\000t\000e\000r\000s}{section.5}% 16
\BOOKMARK [1][-]{section.6}{\376\377\000C\000o\000n\000c\000l\000u\000s\000i\000o\000n\000s}{}% 17
\BOOKMARK [1][-]{section.A1}{\376\377\000D\000e\000g\000r\000a\000d\000a\000t\000i\000o\000n\000\040\000o\000f\000\040\000t\000h\000e\000\040\000s\000t\000r\000u\000c\000t\000u\000r\000e\000\040\000f\000u\000n\000c\000t\000i\000o\000n\000\040\000d\000u\000e\000\040\000t\000o\000\040\000o\000b\000s\000e\000r\000v\000a\000t\000i\000o\000n\000a\000l\000\040\000l\000i\000m\000i\000t\000a\000t\000i\000o\000n\000s}{}% 18
\BOOKMARK [2][-]{subsection.A1.1}{\376\377\000F\000i\000n\000i\000t\000e\000\040\000b\000o\000x\000\040\000e\000f\000f\000e\000c\000t\000s}{section.A1}% 19
\BOOKMARK [2][-]{subsection.A1.2}{\376\377\000E\000f\000f\000e\000c\000t\000s\000\040\000o\000f\000\040\000s\000e\000e\000i\000n\000g}{section.A1}% 20
\BOOKMARK [1][-]{section.A2}{\376\377\000A\000p\000p\000a\000r\000e\000n\000t\000\040\000v\000e\000l\000o\000c\000i\000t\000y\000\040\000f\000l\000u\000c\000t\000u\000a\000t\000i\000o\000n\000s\000\040\000f\000r\000o\000m\000\040\000e\000m\000i\000s\000s\000i\000v\000i\000t\000y\000\040\000f\000l\000u\000c\000t\000u\000a\000t\000i\000o\000n\000s}{}% 21
\BOOKMARK [1][-]{section.A3}{\376\377\000n\000o\000r\000m\000a\000l\000n\000o\000r\000m\000a\000l\000N\000o\000t\000e\000s\000\040\000o\000n\000\040\000i\000n\000d\000i\000v\000i\000d\000u\000a\000l\000\040\0002\000H\000I\000I\000\040\000r\000e\000g\000i\000o\000n\000s}{}% 22
\BOOKMARK [2][-]{subsection.A3.1}{\376\377\000O\000r\000i\000o\000n\000\040\000N\000e\000b\000u\000l\000a}{section.A3}% 23
\BOOKMARK [2][-]{subsection.A3.2}{\376\377\000L\000a\000g\000o\000o\000n\000\040\000N\000e\000b\000u\000l\000a}{section.A3}% 24
\BOOKMARK [2][-]{subsection.A3.3}{\376\377\000C\000a\000r\000i\000n\000a\000\040\000N\000e\000b\000u\000l\000a}{section.A3}% 25
\BOOKMARK [2][-]{subsection.A3.4}{\376\377\0003\0000\000\040\000D\000o\000r\000a\000d\000u\000s}{section.A3}% 26
\BOOKMARK [2][-]{subsection.A3.5}{\376\377\000N\000G\000C\000\040\0003\0004\0006}{section.A3}% 27
\BOOKMARK [2][-]{subsection.A3.6}{\376\377\000H\000u\000b\000b\000l\000e\000\040\000X\000\040\000a\000n\000d\000\040\000H\000u\000b\000b\000l\000e\000\040\000V\000\040\000i\000n\000\040\000N\000G\000C\000\040\0006\0008\0002\0002}{section.A3}% 28
\BOOKMARK [2][-]{subsection.A3.7}{\376\377\000N\000G\000C\000\040\0005\0009\0005\000\040\000a\000n\000d\000\040\000N\000G\000C\000\040\0006\0000\0004\000\040\000i\000n\000\040\000M\0003\0003}{section.A3}% 29
\BOOKMARK [1][-]{section.A4}{\376\377\000A\000d\000d\000i\000t\000i\000o\000n\000a\000l\000\040\000c\000o\000v\000a\000r\000i\000a\000n\000c\000e\000\040\000c\000o\000r\000n\000e\000r\000\040\000p\000l\000o\000t\000s\000\040\000f\000o\000r\000\040\000m\000o\000d\000e\000l\000\040\000f\000i\000t\000s}{}% 30
